# JRE version: OpenJDK Runtime Environment (24.0.1+9) (build 24.0.1+9-30)
# Java VM: OpenJDK 64-Bit Server VM (24.0.1+9-30, mixed mode, sharing, tiered, compressed oops, compressed class ptrs, g1 gc, windows-amd64)
GC Precious Log:
 CardTable entry size: 512
 Card Set container configuration: InlinePtr #cards 4 size 8 Array Of Cards #cards 16 size 48 Howl #buckets 8 coarsen threshold 3686 Howl Bitmap #cards 512 size 80 coarsen threshold 460 Card regions per heap region 1 cards per card region 4096
 CPUs: 12 total, 12 available
 Memory: 15645M
 Large Page Support: Disabled
 NUMA Support: Disabled
 Compressed Oops: Enabled (Zero based)
 Heap Region Size: 2M
 Heap Min Capacity: 8M
 Heap Initial Capacity: 246M
 Heap Max Capacity: 3912M
 Pre-touch: Disabled
 Parallel Workers: 10
 Concurrent Workers: 3
 Concurrent Refinement Workers: 10
 Periodic GC: Disabled
Heap:
 garbage-first heap   total reserved 4005888K, committed 94208K, used 51396K [0x000000070b800000, 0x0000000800000000)
  region size 2048K, 8 young (16384K), 2 survivors (4096K)
 Metaspace       used 96671K, committed 97408K, reserved 1179648K
  class space    used 10083K, committed 10496K, reserved 1048576K
GC Heap History (20 events):
Event: 7001.620 GC heap before
{Heap before GC invocations=18 (full 0):
 garbage-first heap   total reserved 4005888K, committed 92160K, used 76300K [0x000000070b800000, 0x0000000800000000)
  region size 2048K, 16 young (32768K), 2 survivors (4096K)
 Metaspace       used 92119K, committed 92928K, reserved 1179648K
  class space    used 10119K, committed 10496K, reserved 1048576K
}
Event: 7001.646 GC heap after
{Heap after GC invocations=19 (full 0):
 garbage-first heap   total reserved 4005888K, committed 92160K, used 51125K [0x000000070b800000, 0x0000000800000000)
  region size 2048K, 1 young (2048K), 1 survivors (2048K)
 Metaspace       used 92119K, committed 92928K, reserved 1179648K
  class space    used 10119K, committed 10496K, reserved 1048576K
}
Event: 8070.853 GC heap before
{Heap before GC invocations=20 (full 0):
 garbage-first heap   total reserved 4005888K, committed 92160K, used 79797K [0x000000070b800000, 0x0000000800000000)
  region size 2048K, 16 young (32768K), 1 survivors (2048K)
 Metaspace       used 92353K, committed 93184K, reserved 1179648K
  class space    used 10037K, committed 10496K, reserved 1048576K
}
Event: 8070.862 GC heap after
{Heap after GC invocations=21 (full 0):
 garbage-first heap   total reserved 4005888K, committed 92160K, used 51413K [0x000000070b800000, 0x0000000800000000)
  region size 2048K, 1 young (2048K), 1 survivors (2048K)
 Metaspace       used 92353K, committed 93184K, reserved 1179648K
  class space    used 10037K, committed 10496K, reserved 1048576K
}
Event: 9374.880 GC heap before
{Heap before GC invocations=21 (full 0):
 garbage-first heap   total reserved 4005888K, committed 92160K, used 82133K [0x000000070b800000, 0x0000000800000000)
  region size 2048K, 16 young (32768K), 1 survivors (2048K)
 Metaspace       used 93144K, committed 93888K, reserved 1179648K
  class space    used 10047K, committed 10496K, reserved 1048576K
}
Event: 9374.903 GC heap after
{Heap after GC invocations=22 (full 0):
 garbage-first heap   total reserved 4005888K, committed 92160K, used 46223K [0x000000070b800000, 0x0000000800000000)
  region size 2048K, 1 young (2048K), 1 survivors (2048K)
 Metaspace       used 93144K, committed 93888K, reserved 1179648K
  class space    used 10047K, committed 10496K, reserved 1048576K
}
Event: 10058.821 GC heap before
{Heap before GC invocations=22 (full 0):
 garbage-first heap   total reserved 4005888K, committed 92160K, used 81039K [0x000000070b800000, 0x0000000800000000)
  region size 2048K, 19 young (38912K), 1 survivors (2048K)
 Metaspace       used 93671K, committed 94400K, reserved 1179648K
  class space    used 10052K, committed 10496K, reserved 1048576K
}
Event: 10058.850 GC heap after
{Heap after GC invocations=23 (full 0):
 garbage-first heap   total reserved 4005888K, committed 94208K, used 43220K [0x000000070b800000, 0x0000000800000000)
  region size 2048K, 1 young (2048K), 1 survivors (2048K)
 Metaspace       used 93671K, committed 94400K, reserved 1179648K
  class space    used 10052K, committed 10496K, reserved 1048576K
}
Event: 14390.196 GC heap before
{Heap before GC invocations=23 (full 0):
 garbage-first heap   total reserved 4005888K, committed 94208K, used 82132K [0x000000070b800000, 0x0000000800000000)
  region size 2048K, 21 young (43008K), 1 survivors (2048K)
 Metaspace       used 94270K, committed 95040K, reserved 1179648K
  class space    used 10053K, committed 10496K, reserved 1048576K
}
Event: 14390.212 GC heap after
{Heap after GC invocations=24 (full 0):
 garbage-first heap   total reserved 4005888K, committed 94208K, used 43493K [0x000000070b800000, 0x0000000800000000)
  region size 2048K, 1 young (2048K), 1 survivors (2048K)
 Metaspace       used 94270K, committed 95040K, reserved 1179648K
  class space    used 10053K, committed 10496K, reserved 1048576K
}
Event: 16086.954 GC heap before
{Heap before GC invocations=25 (full 0):
 garbage-first heap   total reserved 4005888K, committed 94208K, used 84453K [0x000000070b800000, 0x0000000800000000)
  region size 2048K, 21 young (43008K), 1 survivors (2048K)
 Metaspace       used 94614K, committed 95360K, reserved 1179648K
  class space    used 10061K, committed 10496K, reserved 1048576K
}
Event: 16086.966 GC heap after
{Heap after GC invocations=26 (full 0):
 garbage-first heap   total reserved 4005888K, committed 94208K, used 43397K [0x000000070b800000, 0x0000000800000000)
  region size 2048K, 1 young (2048K), 1 survivors (2048K)
 Metaspace       used 94614K, committed 95360K, reserved 1179648K
  class space    used 10061K, committed 10496K, reserved 1048576K
}
Event: 17587.590 GC heap before
{Heap before GC invocations=26 (full 0):
 garbage-first heap   total reserved 4005888K, committed 94208K, used 82309K [0x000000070b800000, 0x0000000800000000)
  region size 2048K, 21 young (43008K), 1 survivors (2048K)
 Metaspace       used 95398K, committed 96128K, reserved 1179648K
  class space    used 10063K, committed 10496K, reserved 1048576K
}
Event: 17587.615 GC heap after
{Heap after GC invocations=27 (full 0):
 garbage-first heap   total reserved 4005888K, committed 94208K, used 42166K [0x000000070b800000, 0x0000000800000000)
  region size 2048K, 2 young (4096K), 2 survivors (4096K)
 Metaspace       used 95398K, committed 96128K, reserved 1179648K
  class space    used 10063K, committed 10496K, reserved 1048576K
}
Event: 19926.230 GC heap before
{Heap before GC invocations=27 (full 0):
 garbage-first heap   total reserved 4005888K, committed 94208K, used 79030K [0x000000070b800000, 0x0000000800000000)
  region size 2048K, 21 young (43008K), 2 survivors (4096K)
 Metaspace       used 95660K, committed 96448K, reserved 1179648K
  class space    used 10064K, committed 10496K, reserved 1048576K
}
Event: 19926.245 GC heap after
{Heap after GC invocations=28 (full 0):
 garbage-first heap   total reserved 4005888K, committed 94208K, used 42729K [0x000000070b800000, 0x0000000800000000)
  region size 2048K, 2 young (4096K), 2 survivors (4096K)
 Metaspace       used 95660K, committed 96448K, reserved 1179648K
  class space    used 10064K, committed 10496K, reserved 1048576K
}
Event: 23021.208 GC heap before
{Heap before GC invocations=29 (full 0):
 garbage-first heap   total reserved 4005888K, committed 94208K, used 79593K [0x000000070b800000, 0x0000000800000000)
  region size 2048K, 21 young (43008K), 2 survivors (4096K)
 Metaspace       used 95982K, committed 96704K, reserved 1179648K
  class space    used 10065K, committed 10496K, reserved 1048576K
}
Event: 23021.219 GC heap after
{Heap after GC invocations=30 (full 0):
 garbage-first heap   total reserved 4005888K, committed 94208K, used 42224K [0x000000070b800000, 0x0000000800000000)
  region size 2048K, 2 young (4096K), 2 survivors (4096K)
 Metaspace       used 95982K, committed 96704K, reserved 1179648K
  class space    used 10065K, committed 10496K, reserved 1048576K
}
Event: 23761.487 GC heap before
{Heap before GC invocations=30 (full 0):
 garbage-first heap   total reserved 4005888K, committed 94208K, used 81136K [0x000000070b800000, 0x0000000800000000)
  region size 2048K, 21 young (43008K), 2 survivors (4096K)
 Metaspace       used 96567K, committed 97344K, reserved 1179648K
  class space    used 10082K, committed 10496K, reserved 1048576K
}
Event: 23761.515 GC heap after
{Heap after GC invocations=31 (full 0):
 garbage-first heap   total reserved 4005888K, committed 94208K, used 41156K [0x000000070b800000, 0x0000000800000000)
  region size 2048K, 2 young (4096K), 2 survivors (4096K)
 Metaspace       used 96567K, committed 97344K, reserved 1179648K
  class space    used 10082K, committed 10496K, reserved 1048576K
}

