# JRE version: OpenJDK Runtime Environment (24.0.1+9) (build 24.0.1+9-30)
# Java VM: OpenJDK 64-Bit Server VM (24.0.1+9-30, mixed mode, sharing, tiered, compressed oops, compressed class ptrs, g1 gc, windows-amd64)
GC Precious Log:
 CardTable entry size: 512
 Card Set container configuration: InlinePtr #cards 4 size 8 Array Of Cards #cards 16 size 48 Howl #buckets 8 coarsen threshold 3686 Howl Bitmap #cards 512 size 80 coarsen threshold 460 Card regions per heap region 1 cards per card region 4096
 CPUs: 12 total, 12 available
 Memory: 15645M
 Large Page Support: Disabled
 NUMA Support: Disabled
 Compressed Oops: Enabled (Zero based)
 Heap Region Size: 2M
 Heap Min Capacity: 8M
 Heap Initial Capacity: 246M
 Heap Max Capacity: 3912M
 Pre-touch: Disabled
 Parallel Workers: 10
 Concurrent Workers: 3
 Concurrent Refinement Workers: 10
 Periodic GC: Disabled
Heap:
 garbage-first heap   total reserved 4005888K, committed 94208K, used 48703K [0x000000070b800000, 0x0000000800000000)
  region size 2048K, 6 young (12288K), 3 survivors (6144K)
 Metaspace       used 84230K, committed 84928K, reserved 1179648K
  class space    used 9108K, committed 9408K, reserved 1048576K
GC Heap History (20 events):
Event: 6.351 GC heap before
{Heap before GC invocations=3 (full 0):
 garbage-first heap   total reserved 4005888K, committed 75776K, used 72872K [0x000000070b800000, 0x0000000800000000)
  region size 2048K, 32 young (65536K), 6 survivors (12288K)
 Metaspace       used 29668K, committed 29952K, reserved 1114112K
  class space    used 3058K, committed 3200K, reserved 1048576K
}
Event: 6.374 GC heap after
{Heap after GC invocations=4 (full 0):
 garbage-first heap   total reserved 4005888K, committed 94208K, used 23627K [0x000000070b800000, 0x0000000800000000)
  region size 2048K, 5 young (10240K), 5 survivors (10240K)
 Metaspace       used 29668K, committed 29952K, reserved 1114112K
  class space    used 3058K, committed 3200K, reserved 1048576K
}
Event: 8.509 GC heap before
{Heap before GC invocations=4 (full 0):
 garbage-first heap   total reserved 4005888K, committed 94208K, used 62539K [0x000000070b800000, 0x0000000800000000)
  region size 2048K, 24 young (49152K), 5 survivors (10240K)
 Metaspace       used 35468K, committed 35840K, reserved 1114112K
  class space    used 3755K, committed 3904K, reserved 1048576K
}
Event: 8.542 GC heap after
{Heap after GC invocations=5 (full 0):
 garbage-first heap   total reserved 4005888K, committed 94208K, used 27328K [0x000000070b800000, 0x0000000800000000)
  region size 2048K, 2 young (4096K), 2 survivors (4096K)
 Metaspace       used 35468K, committed 35840K, reserved 1114112K
  class space    used 3755K, committed 3904K, reserved 1048576K
}
Event: 8.744 GC heap before
{Heap before GC invocations=5 (full 0):
 garbage-first heap   total reserved 4005888K, committed 94208K, used 29376K [0x000000070b800000, 0x0000000800000000)
  region size 2048K, 4 young (8192K), 2 survivors (4096K)
 Metaspace       used 35777K, committed 36096K, reserved 1114112K
  class space    used 3778K, committed 3904K, reserved 1048576K
}
Event: 8.756 GC heap after
{Heap after GC invocations=6 (full 0):
 garbage-first heap   total reserved 4005888K, committed 94208K, used 28237K [0x000000070b800000, 0x0000000800000000)
  region size 2048K, 1 young (2048K), 1 survivors (2048K)
 Metaspace       used 35777K, committed 36096K, reserved 1114112K
  class space    used 3778K, committed 3904K, reserved 1048576K
}
Event: 11.059 GC heap before
{Heap before GC invocations=7 (full 0):
 garbage-first heap   total reserved 4005888K, committed 94208K, used 71245K [0x000000070b800000, 0x0000000800000000)
  region size 2048K, 22 young (45056K), 1 survivors (2048K)
 Metaspace       used 45522K, committed 45952K, reserved 1114112K
  class space    used 4828K, committed 4992K, reserved 1048576K
}
Event: 11.064 GC heap after
{Heap after GC invocations=8 (full 0):
 garbage-first heap   total reserved 4005888K, committed 94208K, used 30322K [0x000000070b800000, 0x0000000800000000)
  region size 2048K, 2 young (4096K), 2 survivors (4096K)
 Metaspace       used 45522K, committed 45952K, reserved 1114112K
  class space    used 4828K, committed 4992K, reserved 1048576K
}
Event: 13.539 GC heap before
{Heap before GC invocations=8 (full 0):
 garbage-first heap   total reserved 4005888K, committed 94208K, used 69234K [0x000000070b800000, 0x0000000800000000)
  region size 2048K, 22 young (45056K), 2 survivors (4096K)
 Metaspace       used 60042K, committed 60416K, reserved 1114112K
  class space    used 6279K, committed 6464K, reserved 1048576K
}
Event: 13.544 GC heap after
{Heap after GC invocations=9 (full 0):
 garbage-first heap   total reserved 4005888K, committed 94208K, used 33327K [0x000000070b800000, 0x0000000800000000)
  region size 2048K, 3 young (6144K), 3 survivors (6144K)
 Metaspace       used 60042K, committed 60416K, reserved 1114112K
  class space    used 6279K, committed 6464K, reserved 1048576K
}
Event: 13.608 GC heap before
{Heap before GC invocations=9 (full 0):
 garbage-first heap   total reserved 4005888K, committed 94208K, used 33327K [0x000000070b800000, 0x0000000800000000)
  region size 2048K, 4 young (8192K), 3 survivors (6144K)
 Metaspace       used 60339K, committed 60736K, reserved 1114112K
  class space    used 6325K, committed 6528K, reserved 1048576K
}
Event: 13.614 GC heap after
{Heap after GC invocations=10 (full 0):
 garbage-first heap   total reserved 4005888K, committed 94208K, used 33454K [0x000000070b800000, 0x0000000800000000)
  region size 2048K, 2 young (4096K), 2 survivors (4096K)
 Metaspace       used 60339K, committed 60736K, reserved 1114112K
  class space    used 6325K, committed 6528K, reserved 1048576K
}
Event: 15.604 GC heap before
{Heap before GC invocations=11 (full 0):
 garbage-first heap   total reserved 4005888K, committed 94208K, used 78510K [0x000000070b800000, 0x0000000800000000)
  region size 2048K, 24 young (49152K), 2 survivors (4096K)
 Metaspace       used 69875K, committed 70336K, reserved 1114112K
  class space    used 7496K, committed 7680K, reserved 1048576K
}
Event: 15.610 GC heap after
{Heap after GC invocations=12 (full 0):
 garbage-first heap   total reserved 4005888K, committed 94208K, used 36415K [0x000000070b800000, 0x0000000800000000)
  region size 2048K, 3 young (6144K), 3 survivors (6144K)
 Metaspace       used 69875K, committed 70336K, reserved 1114112K
  class space    used 7496K, committed 7680K, reserved 1048576K
}
Event: 17.496 GC heap before
{Heap before GC invocations=12 (full 0):
 garbage-first heap   total reserved 4005888K, committed 94208K, used 81471K [0x000000070b800000, 0x0000000800000000)
  region size 2048K, 25 young (51200K), 3 survivors (6144K)
 Metaspace       used 74893K, committed 75456K, reserved 1179648K
  class space    used 8092K, committed 8320K, reserved 1048576K
}
Event: 17.504 GC heap after
{Heap after GC invocations=13 (full 0):
 garbage-first heap   total reserved 4005888K, committed 94208K, used 39513K [0x000000070b800000, 0x0000000800000000)
  region size 2048K, 4 young (8192K), 4 survivors (8192K)
 Metaspace       used 74893K, committed 75456K, reserved 1179648K
  class space    used 8092K, committed 8320K, reserved 1048576K
}
Event: 19.061 GC heap before
{Heap before GC invocations=13 (full 0):
 garbage-first heap   total reserved 4005888K, committed 94208K, used 78425K [0x000000070b800000, 0x0000000800000000)
  region size 2048K, 23 young (47104K), 4 survivors (8192K)
 Metaspace       used 79828K, committed 80512K, reserved 1179648K
  class space    used 8712K, committed 9024K, reserved 1048576K
}
Event: 19.068 GC heap after
{Heap after GC invocations=14 (full 0):
 garbage-first heap   total reserved 4005888K, committed 94208K, used 42247K [0x000000070b800000, 0x0000000800000000)
  region size 2048K, 2 young (4096K), 2 survivors (4096K)
 Metaspace       used 79828K, committed 80512K, reserved 1179648K
  class space    used 8712K, committed 9024K, reserved 1048576K
}
Event: 3863.199 GC heap before
{Heap before GC invocations=14 (full 0):
 garbage-first heap   total reserved 4005888K, committed 94208K, used 83207K [0x000000070b800000, 0x0000000800000000)
  region size 2048K, 22 young (45056K), 2 survivors (4096K)
 Metaspace       used 84155K, committed 84864K, reserved 1179648K
  class space    used 9108K, committed 9408K, reserved 1048576K
}
Event: 3863.246 GC heap after
{Heap after GC invocations=15 (full 0):
 garbage-first heap   total reserved 4005888K, committed 94208K, used 44607K [0x000000070b800000, 0x0000000800000000)
  region size 2048K, 3 young (6144K), 3 survivors (6144K)
 Metaspace       used 84155K, committed 84864K, reserved 1179648K
  class space    used 9108K, committed 9408K, reserved 1048576K
}

