# JRE version: OpenJDK Runtime Environment (24.0.1+9) (build 24.0.1+9-30)
# Java VM: OpenJDK 64-Bit Server VM (24.0.1+9-30, mixed mode, sharing, tiered, compressed oops, compressed class ptrs, g1 gc, windows-amd64)
GC Precious Log:
 CardTable entry size: 512
 Card Set container configuration: InlinePtr #cards 4 size 8 Array Of Cards #cards 16 size 48 Howl #buckets 8 coarsen threshold 3686 Howl Bitmap #cards 512 size 80 coarsen threshold 460 Card regions per heap region 1 cards per card region 4096
 CPUs: 12 total, 12 available
 Memory: 15645M
 Large Page Support: Disabled
 NUMA Support: Disabled
 Compressed Oops: Enabled (Zero based)
 Heap Region Size: 2M
 Heap Min Capacity: 8M
 Heap Initial Capacity: 246M
 Heap Max Capacity: 3912M
 Pre-touch: Disabled
 Parallel Workers: 10
 Concurrent Workers: 3
 Concurrent Refinement Workers: 10
 Periodic GC: Disabled
Heap:
 garbage-first heap   total reserved 4005888K, committed 94208K, used 57541K [0x000000070b800000, 0x0000000800000000)
  region size 2048K, 9 young (18432K), 2 survivors (4096K)
 Metaspace       used 94736K, committed 95424K, reserved 1179648K
  class space    used 10179K, committed 10496K, reserved 1048576K
GC Heap History (20 events):
Event: 18.056 GC heap before
{Heap before GC invocations=9 (full 0):
 garbage-first heap   total reserved 4005888K, committed 94208K, used 33044K [0x000000070b800000, 0x0000000800000000)
  region size 2048K, 4 young (8192K), 3 survivors (6144K)
 Metaspace       used 60707K, committed 61120K, reserved 1114112K
  class space    used 6394K, committed 6592K, reserved 1048576K
}
Event: 18.064 GC heap after
{Heap after GC invocations=10 (full 0):
 garbage-first heap   total reserved 4005888K, committed 94208K, used 33675K [0x000000070b800000, 0x0000000800000000)
  region size 2048K, 2 young (4096K), 2 survivors (4096K)
 Metaspace       used 60707K, committed 61120K, reserved 1114112K
  class space    used 6394K, committed 6592K, reserved 1048576K
}
Event: 21.734 GC heap before
{Heap before GC invocations=11 (full 0):
 garbage-first heap   total reserved 4005888K, committed 94208K, used 78731K [0x000000070b800000, 0x0000000800000000)
  region size 2048K, 24 young (49152K), 2 survivors (4096K)
 Metaspace       used 68252K, committed 68800K, reserved 1114112K
  class space    used 7386K, committed 7616K, reserved 1048576K
}
Event: 21.743 GC heap after
{Heap after GC invocations=12 (full 0):
 garbage-first heap   total reserved 4005888K, committed 94208K, used 36414K [0x000000070b800000, 0x0000000800000000)
  region size 2048K, 3 young (6144K), 3 survivors (6144K)
 Metaspace       used 68252K, committed 68800K, reserved 1114112K
  class space    used 7386K, committed 7616K, reserved 1048576K
}
Event: 24.304 GC heap before
{Heap before GC invocations=12 (full 0):
 garbage-first heap   total reserved 4005888K, committed 94208K, used 77374K [0x000000070b800000, 0x0000000800000000)
  region size 2048K, 24 young (49152K), 3 survivors (6144K)
 Metaspace       used 74504K, committed 75136K, reserved 1179648K
  class space    used 8087K, committed 8320K, reserved 1048576K
}
Event: 24.314 GC heap after
{Heap after GC invocations=13 (full 0):
 garbage-first heap   total reserved 4005888K, committed 94208K, used 38784K [0x000000070b800000, 0x0000000800000000)
  region size 2048K, 3 young (6144K), 3 survivors (6144K)
 Metaspace       used 74504K, committed 75136K, reserved 1179648K
  class space    used 8087K, committed 8320K, reserved 1048576K
}
Event: 27.161 GC heap before
{Heap before GC invocations=13 (full 0):
 garbage-first heap   total reserved 4005888K, committed 94208K, used 81792K [0x000000070b800000, 0x0000000800000000)
  region size 2048K, 24 young (49152K), 3 survivors (6144K)
 Metaspace       used 79078K, committed 79808K, reserved 1179648K
  class space    used 8631K, committed 8960K, reserved 1048576K
}
Event: 27.171 GC heap after
{Heap after GC invocations=14 (full 0):
 garbage-first heap   total reserved 4005888K, committed 94208K, used 43734K [0x000000070b800000, 0x0000000800000000)
  region size 2048K, 3 young (6144K), 3 survivors (6144K)
 Metaspace       used 79078K, committed 79808K, reserved 1179648K
  class space    used 8631K, committed 8960K, reserved 1048576K
}
Event: 4090.216 GC heap before
{Heap before GC invocations=14 (full 0):
 garbage-first heap   total reserved 4005888K, committed 94208K, used 80598K [0x000000070b800000, 0x0000000800000000)
  region size 2048K, 21 young (43008K), 3 survivors (6144K)
 Metaspace       used 84499K, committed 85248K, reserved 1179648K
  class space    used 9225K, committed 9536K, reserved 1048576K
}
Event: 4090.279 GC heap after
{Heap after GC invocations=15 (full 0):
 garbage-first heap   total reserved 4005888K, committed 94208K, used 45501K [0x000000070b800000, 0x0000000800000000)
  region size 2048K, 2 young (4096K), 2 survivors (4096K)
 Metaspace       used 84499K, committed 85248K, reserved 1179648K
  class space    used 9225K, committed 9536K, reserved 1048576K
}
Event: 9776.670 GC heap before
{Heap before GC invocations=16 (full 0):
 garbage-first heap   total reserved 4005888K, committed 94208K, used 80317K [0x000000070b800000, 0x0000000800000000)
  region size 2048K, 20 young (40960K), 2 survivors (4096K)
 Metaspace       used 86035K, committed 86592K, reserved 1179648K
  class space    used 9296K, committed 9536K, reserved 1048576K
}
Event: 9776.694 GC heap after
{Heap after GC invocations=17 (full 0):
 garbage-first heap   total reserved 4005888K, committed 94208K, used 47090K [0x000000070b800000, 0x0000000800000000)
  region size 2048K, 3 young (6144K), 3 survivors (6144K)
 Metaspace       used 86035K, committed 86592K, reserved 1179648K
  class space    used 9296K, committed 9536K, reserved 1048576K
}
Event: 10089.742 GC heap before
{Heap before GC invocations=17 (full 0):
 garbage-first heap   total reserved 4005888K, committed 94208K, used 77810K [0x000000070b800000, 0x0000000800000000)
  region size 2048K, 19 young (38912K), 3 survivors (6144K)
 Metaspace       used 91654K, committed 92352K, reserved 1179648K
  class space    used 9996K, committed 10304K, reserved 1048576K
}
Event: 10089.770 GC heap after
{Heap after GC invocations=18 (full 0):
 garbage-first heap   total reserved 4005888K, committed 94208K, used 45051K [0x000000070b800000, 0x0000000800000000)
  region size 2048K, 3 young (6144K), 3 survivors (6144K)
 Metaspace       used 91654K, committed 92352K, reserved 1179648K
  class space    used 9996K, committed 10304K, reserved 1048576K
}
Event: 16497.056 GC heap before
{Heap before GC invocations=18 (full 0):
 garbage-first heap   total reserved 4005888K, committed 94208K, used 77819K [0x000000070b800000, 0x0000000800000000)
  region size 2048K, 20 young (40960K), 3 survivors (6144K)
 Metaspace       used 93403K, committed 94144K, reserved 1179648K
  class space    used 10131K, committed 10432K, reserved 1048576K
}
Event: 16497.112 GC heap after
{Heap after GC invocations=19 (full 0):
 garbage-first heap   total reserved 4005888K, committed 94208K, used 47203K [0x000000070b800000, 0x0000000800000000)
  region size 2048K, 3 young (6144K), 3 survivors (6144K)
 Metaspace       used 93403K, committed 94144K, reserved 1179648K
  class space    used 10131K, committed 10432K, reserved 1048576K
}
Event: 21961.071 GC heap before
{Heap before GC invocations=20 (full 0):
 garbage-first heap   total reserved 4005888K, committed 94208K, used 77923K [0x000000070b800000, 0x0000000800000000)
  region size 2048K, 19 young (38912K), 3 survivors (6144K)
 Metaspace       used 93877K, committed 94592K, reserved 1179648K
  class space    used 10127K, committed 10432K, reserved 1048576K
}
Event: 21961.099 GC heap after
{Heap after GC invocations=21 (full 0):
 garbage-first heap   total reserved 4005888K, committed 94208K, used 48059K [0x000000070b800000, 0x0000000800000000)
  region size 2048K, 2 young (4096K), 2 survivors (4096K)
 Metaspace       used 93877K, committed 94592K, reserved 1179648K
  class space    used 10127K, committed 10432K, reserved 1048576K
}
Event: 23763.454 GC heap before
{Heap before GC invocations=21 (full 0):
 garbage-first heap   total reserved 4005888K, committed 94208K, used 82875K [0x000000070b800000, 0x0000000800000000)
  region size 2048K, 19 young (38912K), 2 survivors (4096K)
 Metaspace       used 94633K, committed 95296K, reserved 1179648K
  class space    used 10177K, committed 10496K, reserved 1048576K
}
Event: 23763.475 GC heap after
{Heap after GC invocations=22 (full 0):
 garbage-first heap   total reserved 4005888K, committed 94208K, used 45253K [0x000000070b800000, 0x0000000800000000)
  region size 2048K, 2 young (4096K), 2 survivors (4096K)
 Metaspace       used 94633K, committed 95296K, reserved 1179648K
  class space    used 10177K, committed 10496K, reserved 1048576K
}

