# JRE version: OpenJDK Runtime Environment (24.0.1+9) (build 24.0.1+9-30)
# Java VM: OpenJDK 64-Bit Server VM (24.0.1+9-30, mixed mode, sharing, tiered, compressed oops, compressed class ptrs, g1 gc, windows-amd64)
GC Precious Log:
 CardTable entry size: 512
 Card Set container configuration: InlinePtr #cards 4 size 8 Array Of Cards #cards 16 size 48 Howl #buckets 8 coarsen threshold 3686 Howl Bitmap #cards 512 size 80 coarsen threshold 460 Card regions per heap region 1 cards per card region 4096
 CPUs: 12 total, 12 available
 Memory: 15645M
 Large Page Support: Disabled
 NUMA Support: Disabled
 Compressed Oops: Enabled (Zero based)
 Heap Region Size: 2M
 Heap Min Capacity: 8M
 Heap Initial Capacity: 246M
 Heap Max Capacity: 3912M
 Pre-touch: Disabled
 Parallel Workers: 10
 Concurrent Workers: 3
 Concurrent Refinement Workers: 10
 Periodic GC: Disabled
Heap:
 garbage-first heap   total reserved 4005888K, committed 86016K, used 53532K [0x000000070b800000, 0x0000000800000000)
  region size 2048K, 8 young (16384K), 1 survivors (2048K)
 Metaspace       used 93357K, committed 94080K, reserved 1179648K
  class space    used 9928K, committed 10304K, reserved 1048576K
GC Heap History (20 events):
Event: 23.501 GC heap before
{Heap before GC invocations=12 (full 0):
 garbage-first heap   total reserved 4005888K, committed 86016K, used 73196K [0x000000070b800000, 0x0000000800000000)
  region size 2048K, 20 young (40960K), 2 survivors (4096K)
 Metaspace       used 73251K, committed 73792K, reserved 1179648K
  class space    used 7915K, committed 8128K, reserved 1048576K
}
Event: 23.509 GC heap after
{Heap after GC invocations=13 (full 0):
 garbage-first heap   total reserved 4005888K, committed 86016K, used 38278K [0x000000070b800000, 0x0000000800000000)
  region size 2048K, 3 young (6144K), 3 survivors (6144K)
 Metaspace       used 73251K, committed 73792K, reserved 1179648K
  class space    used 7915K, committed 8128K, reserved 1048576K
}
Event: 25.902 GC heap before
{Heap before GC invocations=13 (full 0):
 garbage-first heap   total reserved 4005888K, committed 86016K, used 73094K [0x000000070b800000, 0x0000000800000000)
  region size 2048K, 20 young (40960K), 3 survivors (6144K)
 Metaspace       used 77345K, committed 78016K, reserved 1179648K
  class space    used 8406K, committed 8640K, reserved 1048576K
}
Event: 25.910 GC heap after
{Heap after GC invocations=14 (full 0):
 garbage-first heap   total reserved 4005888K, committed 86016K, used 41463K [0x000000070b800000, 0x0000000800000000)
  region size 2048K, 3 young (6144K), 3 survivors (6144K)
 Metaspace       used 77345K, committed 78016K, reserved 1179648K
  class space    used 8406K, committed 8640K, reserved 1048576K
}
Event: 27.504 GC heap before
{Heap before GC invocations=14 (full 0):
 garbage-first heap   total reserved 4005888K, committed 86016K, used 72183K [0x000000070b800000, 0x0000000800000000)
  region size 2048K, 18 young (36864K), 3 survivors (6144K)
 Metaspace       used 82604K, committed 83328K, reserved 1179648K
  class space    used 9043K, committed 9344K, reserved 1048576K
}
Event: 27.512 GC heap after
{Heap after GC invocations=15 (full 0):
 garbage-first heap   total reserved 4005888K, committed 86016K, used 44273K [0x000000070b800000, 0x0000000800000000)
  region size 2048K, 2 young (4096K), 2 survivors (4096K)
 Metaspace       used 82604K, committed 83328K, reserved 1179648K
  class space    used 9043K, committed 9344K, reserved 1048576K
}
Event: 5641.210 GC heap before
{Heap before GC invocations=16 (full 0):
 garbage-first heap   total reserved 4005888K, committed 86016K, used 74993K [0x000000070b800000, 0x0000000800000000)
  region size 2048K, 17 young (34816K), 2 survivors (4096K)
 Metaspace       used 85406K, committed 86208K, reserved 1179648K
  class space    used 9285K, committed 9664K, reserved 1048576K
}
Event: 5641.238 GC heap after
{Heap after GC invocations=17 (full 0):
 garbage-first heap   total reserved 4005888K, committed 86016K, used 45509K [0x000000070b800000, 0x0000000800000000)
  region size 2048K, 3 young (6144K), 3 survivors (6144K)
 Metaspace       used 85406K, committed 86208K, reserved 1179648K
  class space    used 9285K, committed 9664K, reserved 1048576K
}
Event: 6185.209 GC heap before
{Heap before GC invocations=17 (full 0):
 garbage-first heap   total reserved 4005888K, committed 86016K, used 70085K [0x000000070b800000, 0x0000000800000000)
  region size 2048K, 16 young (32768K), 3 survivors (6144K)
 Metaspace       used 89654K, committed 90432K, reserved 1179648K
  class space    used 9821K, committed 10176K, reserved 1048576K
}
Event: 6185.237 GC heap after
{Heap after GC invocations=18 (full 0):
 garbage-first heap   total reserved 4005888K, committed 86016K, used 46302K [0x000000070b800000, 0x0000000800000000)
  region size 2048K, 2 young (4096K), 2 survivors (4096K)
 Metaspace       used 89654K, committed 90432K, reserved 1179648K
  class space    used 9821K, committed 10176K, reserved 1048576K
}
Event: 9826.331 GC heap before
{Heap before GC invocations=18 (full 0):
 garbage-first heap   total reserved 4005888K, committed 86016K, used 72926K [0x000000070b800000, 0x0000000800000000)
  region size 2048K, 16 young (32768K), 2 survivors (4096K)
 Metaspace       used 91186K, committed 92032K, reserved 1179648K
  class space    used 9920K, committed 10304K, reserved 1048576K
}
Event: 9826.360 GC heap after
{Heap after GC invocations=19 (full 0):
 garbage-first heap   total reserved 4005888K, committed 86016K, used 47084K [0x000000070b800000, 0x0000000800000000)
  region size 2048K, 2 young (4096K), 2 survivors (4096K)
 Metaspace       used 91186K, committed 92032K, reserved 1179648K
  class space    used 9920K, committed 10304K, reserved 1048576K
}
Event: 15365.228 GC heap before
{Heap before GC invocations=20 (full 0):
 garbage-first heap   total reserved 4005888K, committed 86016K, used 71660K [0x000000070b800000, 0x0000000800000000)
  region size 2048K, 15 young (30720K), 2 survivors (4096K)
 Metaspace       used 91685K, committed 92480K, reserved 1179648K
  class space    used 9890K, committed 10304K, reserved 1048576K
}
Event: 15365.249 GC heap after
{Heap after GC invocations=21 (full 0):
 garbage-first heap   total reserved 4005888K, committed 86016K, used 47747K [0x000000070b800000, 0x0000000800000000)
  region size 2048K, 2 young (4096K), 2 survivors (4096K)
 Metaspace       used 91685K, committed 92480K, reserved 1179648K
  class space    used 9890K, committed 10304K, reserved 1048576K
}
Event: 19945.622 GC heap before
{Heap before GC invocations=21 (full 0):
 garbage-first heap   total reserved 4005888K, committed 86016K, used 72323K [0x000000070b800000, 0x0000000800000000)
  region size 2048K, 15 young (30720K), 2 survivors (4096K)
 Metaspace       used 92114K, committed 92864K, reserved 1179648K
  class space    used 9894K, committed 10304K, reserved 1048576K
}
Event: 19945.696 GC heap after
{Heap after GC invocations=22 (full 0):
 garbage-first heap   total reserved 4005888K, committed 86016K, used 42577K [0x000000070b800000, 0x0000000800000000)
  region size 2048K, 1 young (2048K), 1 survivors (2048K)
 Metaspace       used 92114K, committed 92864K, reserved 1179648K
  class space    used 9894K, committed 10304K, reserved 1048576K
}
Event: 23459.886 GC heap before
{Heap before GC invocations=22 (full 0):
 garbage-first heap   total reserved 4005888K, committed 86016K, used 77393K [0x000000070b800000, 0x0000000800000000)
  region size 2048K, 18 young (36864K), 1 survivors (2048K)
 Metaspace       used 92800K, committed 93568K, reserved 1179648K
  class space    used 9913K, committed 10304K, reserved 1048576K
}
Event: 23459.909 GC heap after
{Heap after GC invocations=23 (full 0):
 garbage-first heap   total reserved 4005888K, committed 86016K, used 41653K [0x000000070b800000, 0x0000000800000000)
  region size 2048K, 1 young (2048K), 1 survivors (2048K)
 Metaspace       used 92800K, committed 93568K, reserved 1179648K
  class space    used 9913K, committed 10304K, reserved 1048576K
}
Event: 24090.617 GC heap before
{Heap before GC invocations=23 (full 0):
 garbage-first heap   total reserved 4005888K, committed 86016K, used 76469K [0x000000070b800000, 0x0000000800000000)
  region size 2048K, 18 young (36864K), 1 survivors (2048K)
 Metaspace       used 93293K, committed 94080K, reserved 1179648K
  class space    used 9919K, committed 10304K, reserved 1048576K
}
Event: 24090.624 GC heap after
{Heap after GC invocations=24 (full 0):
 garbage-first heap   total reserved 4005888K, committed 86016K, used 41244K [0x000000070b800000, 0x0000000800000000)
  region size 2048K, 1 young (2048K), 1 survivors (2048K)
 Metaspace       used 93293K, committed 94080K, reserved 1179648K
  class space    used 9919K, committed 10304K, reserved 1048576K
}

