# JRE version: OpenJDK Runtime Environment (24.0.1+9) (build 24.0.1+9-30)
# Java VM: OpenJDK 64-Bit Server VM (24.0.1+9-30, mixed mode, sharing, tiered, compressed oops, compressed class ptrs, g1 gc, windows-amd64)
GC Precious Log:
 CardTable entry size: 512
 Card Set container configuration: InlinePtr #cards 4 size 8 Array Of Cards #cards 16 size 48 Howl #buckets 8 coarsen threshold 3686 Howl Bitmap #cards 512 size 80 coarsen threshold 460 Card regions per heap region 1 cards per card region 4096
 CPUs: 12 total, 12 available
 Memory: 15645M
 Large Page Support: Disabled
 NUMA Support: Disabled
 Compressed Oops: Enabled (Zero based)
 Heap Region Size: 2M
 Heap Min Capacity: 8M
 Heap Initial Capacity: 246M
 Heap Max Capacity: 3912M
 Pre-touch: Disabled
 Parallel Workers: 10
 Concurrent Workers: 3
 Concurrent Refinement Workers: 10
 Periodic GC: Disabled
Heap:
 garbage-first heap   total reserved 4005888K, committed 92160K, used 54648K [0x000000070b800000, 0x0000000800000000)
  region size 2048K, 8 young (16384K), 2 survivors (4096K)
 Metaspace       used 90100K, committed 90880K, reserved 1179648K
  class space    used 9713K, committed 10048K, reserved 1048576K
GC Heap History (20 events):
Event: 7.602 GC heap before
{Heap before GC invocations=5 (full 0):
 garbage-first heap   total reserved 4005888K, committed 92160K, used 29955K [0x000000070b800000, 0x0000000800000000)
  region size 2048K, 5 young (10240K), 3 survivors (6144K)
 Metaspace       used 35644K, committed 35968K, reserved 1114112K
  class space    used 3778K, committed 3904K, reserved 1048576K
}
Event: 7.609 GC heap after
{Heap after GC invocations=6 (full 0):
 garbage-first heap   total reserved 4005888K, committed 92160K, used 28251K [0x000000070b800000, 0x0000000800000000)
  region size 2048K, 1 young (2048K), 1 survivors (2048K)
 Metaspace       used 35644K, committed 35968K, reserved 1114112K
  class space    used 3778K, committed 3904K, reserved 1048576K
}
Event: 9.842 GC heap before
{Heap before GC invocations=7 (full 0):
 garbage-first heap   total reserved 4005888K, committed 92160K, used 69211K [0x000000070b800000, 0x0000000800000000)
  region size 2048K, 21 young (43008K), 1 survivors (2048K)
 Metaspace       used 45070K, committed 45440K, reserved 1114112K
  class space    used 4796K, committed 4992K, reserved 1048576K
}
Event: 9.846 GC heap after
{Heap after GC invocations=8 (full 0):
 garbage-first heap   total reserved 4005888K, committed 92160K, used 30160K [0x000000070b800000, 0x0000000800000000)
  region size 2048K, 2 young (4096K), 2 survivors (4096K)
 Metaspace       used 45070K, committed 45440K, reserved 1114112K
  class space    used 4796K, committed 4992K, reserved 1048576K
}
Event: 12.678 GC heap before
{Heap before GC invocations=8 (full 0):
 garbage-first heap   total reserved 4005888K, committed 92160K, used 69072K [0x000000070b800000, 0x0000000800000000)
  region size 2048K, 22 young (45056K), 2 survivors (4096K)
 Metaspace       used 59227K, committed 59648K, reserved 1114112K
  class space    used 6305K, committed 6464K, reserved 1048576K
}
Event: 12.685 GC heap after
{Heap after GC invocations=9 (full 0):
 garbage-first heap   total reserved 4005888K, committed 92160K, used 33312K [0x000000070b800000, 0x0000000800000000)
  region size 2048K, 3 young (6144K), 3 survivors (6144K)
 Metaspace       used 59227K, committed 59648K, reserved 1114112K
  class space    used 6305K, committed 6464K, reserved 1048576K
}
Event: 12.739 GC heap before
{Heap before GC invocations=9 (full 0):
 garbage-first heap   total reserved 4005888K, committed 92160K, used 33312K [0x000000070b800000, 0x0000000800000000)
  region size 2048K, 4 young (8192K), 3 survivors (6144K)
 Metaspace       used 59705K, committed 60096K, reserved 1114112K
  class space    used 6305K, committed 6464K, reserved 1048576K
}
Event: 12.748 GC heap after
{Heap after GC invocations=10 (full 0):
 garbage-first heap   total reserved 4005888K, committed 92160K, used 33579K [0x000000070b800000, 0x0000000800000000)
  region size 2048K, 2 young (4096K), 2 survivors (4096K)
 Metaspace       used 59705K, committed 60096K, reserved 1114112K
  class space    used 6305K, committed 6464K, reserved 1048576K
}
Event: 15.194 GC heap before
{Heap before GC invocations=11 (full 0):
 garbage-first heap   total reserved 4005888K, committed 92160K, used 74539K [0x000000070b800000, 0x0000000800000000)
  region size 2048K, 22 young (45056K), 2 survivors (4096K)
 Metaspace       used 68663K, committed 69184K, reserved 1114112K
  class space    used 7413K, committed 7616K, reserved 1048576K
}
Event: 15.201 GC heap after
{Heap after GC invocations=12 (full 0):
 garbage-first heap   total reserved 4005888K, committed 92160K, used 36011K [0x000000070b800000, 0x0000000800000000)
  region size 2048K, 2 young (4096K), 2 survivors (4096K)
 Metaspace       used 68663K, committed 69184K, reserved 1114112K
  class space    used 7413K, committed 7616K, reserved 1048576K
}
Event: 17.100 GC heap before
{Heap before GC invocations=12 (full 0):
 garbage-first heap   total reserved 4005888K, committed 92160K, used 76971K [0x000000070b800000, 0x0000000800000000)
  region size 2048K, 22 young (45056K), 2 survivors (4096K)
 Metaspace       used 74001K, committed 74560K, reserved 1179648K
  class space    used 8050K, committed 8256K, reserved 1048576K
}
Event: 17.106 GC heap after
{Heap after GC invocations=13 (full 0):
 garbage-first heap   total reserved 4005888K, committed 92160K, used 38722K [0x000000070b800000, 0x0000000800000000)
  region size 2048K, 3 young (6144K), 3 survivors (6144K)
 Metaspace       used 74001K, committed 74560K, reserved 1179648K
  class space    used 8050K, committed 8256K, reserved 1048576K
}
Event: 18.780 GC heap before
{Heap before GC invocations=13 (full 0):
 garbage-first heap   total reserved 4005888K, committed 92160K, used 77634K [0x000000070b800000, 0x0000000800000000)
  region size 2048K, 23 young (47104K), 3 survivors (6144K)
 Metaspace       used 78913K, committed 79616K, reserved 1179648K
  class space    used 8641K, committed 8960K, reserved 1048576K
}
Event: 18.790 GC heap after
{Heap after GC invocations=14 (full 0):
 garbage-first heap   total reserved 4005888K, committed 92160K, used 41756K [0x000000070b800000, 0x0000000800000000)
  region size 2048K, 2 young (4096K), 2 survivors (4096K)
 Metaspace       used 78913K, committed 79616K, reserved 1179648K
  class space    used 8641K, committed 8960K, reserved 1048576K
}
Event: 639.795 GC heap before
{Heap before GC invocations=14 (full 0):
 garbage-first heap   total reserved 4005888K, committed 92160K, used 78620K [0x000000070b800000, 0x0000000800000000)
  region size 2048K, 21 young (43008K), 2 survivors (4096K)
 Metaspace       used 87663K, committed 88384K, reserved 1179648K
  class space    used 9622K, committed 9920K, reserved 1048576K
}
Event: 639.803 GC heap after
{Heap after GC invocations=15 (full 0):
 garbage-first heap   total reserved 4005888K, committed 92160K, used 45139K [0x000000070b800000, 0x0000000800000000)
  region size 2048K, 2 young (4096K), 2 survivors (4096K)
 Metaspace       used 87663K, committed 88384K, reserved 1179648K
  class space    used 9622K, committed 9920K, reserved 1048576K
}
Event: 4537.712 GC heap before
{Heap before GC invocations=16 (full 0):
 garbage-first heap   total reserved 4005888K, committed 92160K, used 79955K [0x000000070b800000, 0x0000000800000000)
  region size 2048K, 19 young (38912K), 2 survivors (4096K)
 Metaspace       used 89200K, committed 89984K, reserved 1179648K
  class space    used 9699K, committed 10048K, reserved 1048576K
}
Event: 4537.730 GC heap after
{Heap after GC invocations=17 (full 0):
 garbage-first heap   total reserved 4005888K, committed 92160K, used 46400K [0x000000070b800000, 0x0000000800000000)
  region size 2048K, 3 young (6144K), 3 survivors (6144K)
 Metaspace       used 89200K, committed 89984K, reserved 1179648K
  class space    used 9699K, committed 10048K, reserved 1048576K
}
Event: 12950.034 GC heap before
{Heap before GC invocations=17 (full 0):
 garbage-first heap   total reserved 4005888K, committed 92160K, used 75072K [0x000000070b800000, 0x0000000800000000)
  region size 2048K, 18 young (36864K), 3 survivors (6144K)
 Metaspace       used 89975K, committed 90752K, reserved 1179648K
  class space    used 9713K, committed 10048K, reserved 1048576K
}
Event: 12950.073 GC heap after
{Heap after GC invocations=18 (full 0):
 garbage-first heap   total reserved 4005888K, committed 92160K, used 46456K [0x000000070b800000, 0x0000000800000000)
  region size 2048K, 2 young (4096K), 2 survivors (4096K)
 Metaspace       used 89975K, committed 90752K, reserved 1179648K
  class space    used 9713K, committed 10048K, reserved 1048576K
}

