# JRE version: OpenJDK Runtime Environment (24.0.1+9) (build 24.0.1+9-30)
# Java VM: OpenJDK 64-Bit Server VM (24.0.1+9-30, mixed mode, sharing, tiered, compressed oops, compressed class ptrs, g1 gc, windows-amd64)
GC Precious Log:
 CardTable entry size: 512
 Card Set container configuration: InlinePtr #cards 4 size 8 Array Of Cards #cards 16 size 48 Howl #buckets 8 coarsen threshold 3686 Howl Bitmap #cards 512 size 80 coarsen threshold 460 Card regions per heap region 1 cards per card region 4096
 CPUs: 12 total, 12 available
 Memory: 15645M
 Large Page Support: Disabled
 NUMA Support: Disabled
 Compressed Oops: Enabled (Zero based)
 Heap Region Size: 2M
 Heap Min Capacity: 8M
 Heap Initial Capacity: 246M
 Heap Max Capacity: 3912M
 Pre-touch: Disabled
 Parallel Workers: 10
 Concurrent Workers: 3
 Concurrent Refinement Workers: 10
 Periodic GC: Disabled
Heap:
 garbage-first heap   total reserved 4005888K, committed 90112K, used 54400K [0x000000070b800000, 0x0000000800000000)
  region size 2048K, 10 young (20480K), 1 survivors (2048K)
 Metaspace       used 57258K, committed 57920K, reserved 1114112K
  class space    used 6169K, committed 6464K, reserved 1048576K
GC Heap History (20 events):
Event: 12.084 GC heap before
{Heap before GC invocations=5 (full 0):
 garbage-first heap   total reserved 4005888K, committed 92160K, used 34532K [0x000000070b800000, 0x0000000800000000)
  region size 2048K, 8 young (16384K), 2 survivors (4096K)
 Metaspace       used 35528K, committed 35968K, reserved 1114112K
  class space    used 3685K, committed 3904K, reserved 1048576K
}
Event: 12.095 GC heap after
{Heap after GC invocations=6 (full 0):
 garbage-first heap   total reserved 4005888K, committed 92160K, used 24908K [0x000000070b800000, 0x0000000800000000)
  region size 2048K, 2 young (4096K), 2 survivors (4096K)
 Metaspace       used 35528K, committed 35968K, reserved 1114112K
  class space    used 3685K, committed 3904K, reserved 1048576K
}
Event: 13.432 GC heap before
{Heap before GC invocations=7 (full 0):
 garbage-first heap   total reserved 4005888K, committed 90112K, used 65868K [0x000000070b800000, 0x0000000800000000)
  region size 2048K, 23 young (47104K), 2 survivors (4096K)
 Metaspace       used 39135K, committed 39552K, reserved 1114112K
  class space    used 4101K, committed 4288K, reserved 1048576K
}
Event: 13.453 GC heap after
{Heap after GC invocations=8 (full 0):
 garbage-first heap   total reserved 4005888K, committed 90112K, used 29974K [0x000000070b800000, 0x0000000800000000)
  region size 2048K, 3 young (6144K), 3 survivors (6144K)
 Metaspace       used 39135K, committed 39552K, reserved 1114112K
  class space    used 4101K, committed 4288K, reserved 1048576K
}
Event: 15.554 GC heap before
{Heap before GC invocations=8 (full 0):
 garbage-first heap   total reserved 4005888K, committed 90112K, used 68886K [0x000000070b800000, 0x0000000800000000)
  region size 2048K, 22 young (45056K), 3 survivors (6144K)
 Metaspace       used 45071K, committed 45568K, reserved 1114112K
  class space    used 4992K, committed 5248K, reserved 1048576K
}
Event: 15.564 GC heap after
{Heap after GC invocations=9 (full 0):
 garbage-first heap   total reserved 4005888K, committed 90112K, used 34243K [0x000000070b800000, 0x0000000800000000)
  region size 2048K, 2 young (4096K), 2 survivors (4096K)
 Metaspace       used 45071K, committed 45568K, reserved 1114112K
  class space    used 4992K, committed 5248K, reserved 1048576K
}
Event: 58.098 GC heap before
{Heap before GC invocations=9 (full 0):
 garbage-first heap   total reserved 4005888K, committed 90112K, used 73155K [0x000000070b800000, 0x0000000800000000)
  region size 2048K, 21 young (43008K), 2 survivors (4096K)
 Metaspace       used 52026K, committed 52608K, reserved 1114112K
  class space    used 5785K, committed 6080K, reserved 1048576K
}
Event: 58.109 GC heap after
{Heap after GC invocations=10 (full 0):
 garbage-first heap   total reserved 4005888K, committed 90112K, used 37249K [0x000000070b800000, 0x0000000800000000)
  region size 2048K, 2 young (4096K), 2 survivors (4096K)
 Metaspace       used 52026K, committed 52608K, reserved 1114112K
  class space    used 5785K, committed 6080K, reserved 1048576K
}
Event: 4176.082 GC heap before
{Heap before GC invocations=10 (full 0):
 garbage-first heap   total reserved 4005888K, committed 90112K, used 72065K [0x000000070b800000, 0x0000000800000000)
  region size 2048K, 20 young (40960K), 2 survivors (4096K)
 Metaspace       used 56393K, committed 57088K, reserved 1114112K
  class space    used 6158K, committed 6464K, reserved 1048576K
}
Event: 4176.112 GC heap after
{Heap after GC invocations=11 (full 0):
 garbage-first heap   total reserved 4005888K, committed 90112K, used 37950K [0x000000070b800000, 0x0000000800000000)
  region size 2048K, 2 young (4096K), 2 survivors (4096K)
 Metaspace       used 56393K, committed 57088K, reserved 1114112K
  class space    used 6158K, committed 6464K, reserved 1048576K
}
Event: 7005.390 GC heap before
{Heap before GC invocations=11 (full 0):
 garbage-first heap   total reserved 4005888K, committed 90112K, used 76862K [0x000000070b800000, 0x0000000800000000)
  region size 2048K, 21 young (43008K), 2 survivors (4096K)
 Metaspace       used 57072K, committed 57728K, reserved 1114112K
  class space    used 6168K, committed 6464K, reserved 1048576K
}
Event: 7005.424 GC heap after
{Heap after GC invocations=12 (full 0):
 garbage-first heap   total reserved 4005888K, committed 90112K, used 38155K [0x000000070b800000, 0x0000000800000000)
  region size 2048K, 1 young (2048K), 1 survivors (2048K)
 Metaspace       used 57072K, committed 57728K, reserved 1114112K
  class space    used 6168K, committed 6464K, reserved 1048576K
}
Event: 9665.059 GC heap before
{Heap before GC invocations=12 (full 0):
 garbage-first heap   total reserved 4005888K, committed 90112K, used 79115K [0x000000070b800000, 0x0000000800000000)
  region size 2048K, 21 young (43008K), 1 survivors (2048K)
 Metaspace       used 57119K, committed 57792K, reserved 1114112K
  class space    used 6168K, committed 6464K, reserved 1048576K
}
Event: 9665.077 GC heap after
{Heap after GC invocations=13 (full 0):
 garbage-first heap   total reserved 4005888K, committed 90112K, used 38088K [0x000000070b800000, 0x0000000800000000)
  region size 2048K, 1 young (2048K), 1 survivors (2048K)
 Metaspace       used 57119K, committed 57792K, reserved 1114112K
  class space    used 6168K, committed 6464K, reserved 1048576K
}
Event: 15488.144 GC heap before
{Heap before GC invocations=13 (full 0):
 garbage-first heap   total reserved 4005888K, committed 90112K, used 81096K [0x000000070b800000, 0x0000000800000000)
  region size 2048K, 22 young (45056K), 1 survivors (2048K)
 Metaspace       used 57166K, committed 57856K, reserved 1114112K
  class space    used 6169K, committed 6464K, reserved 1048576K
}
Event: 15488.165 GC heap after
{Heap after GC invocations=14 (full 0):
 garbage-first heap   total reserved 4005888K, committed 90112K, used 38022K [0x000000070b800000, 0x0000000800000000)
  region size 2048K, 1 young (2048K), 1 survivors (2048K)
 Metaspace       used 57166K, committed 57856K, reserved 1114112K
  class space    used 6169K, committed 6464K, reserved 1048576K
}
Event: 18624.371 GC heap before
{Heap before GC invocations=14 (full 0):
 garbage-first heap   total reserved 4005888K, committed 90112K, used 81030K [0x000000070b800000, 0x0000000800000000)
  region size 2048K, 22 young (45056K), 1 survivors (2048K)
 Metaspace       used 57204K, committed 57856K, reserved 1114112K
  class space    used 6169K, committed 6464K, reserved 1048576K
}
Event: 18624.383 GC heap after
{Heap after GC invocations=15 (full 0):
 garbage-first heap   total reserved 4005888K, committed 90112K, used 37964K [0x000000070b800000, 0x0000000800000000)
  region size 2048K, 1 young (2048K), 1 survivors (2048K)
 Metaspace       used 57204K, committed 57856K, reserved 1114112K
  class space    used 6169K, committed 6464K, reserved 1048576K
}
Event: 22174.887 GC heap before
{Heap before GC invocations=15 (full 0):
 garbage-first heap   total reserved 4005888K, committed 90112K, used 78924K [0x000000070b800000, 0x0000000800000000)
  region size 2048K, 22 young (45056K), 1 survivors (2048K)
 Metaspace       used 57247K, committed 57920K, reserved 1114112K
  class space    used 6169K, committed 6464K, reserved 1048576K
}
Event: 22174.898 GC heap after
{Heap after GC invocations=16 (full 0):
 garbage-first heap   total reserved 4005888K, committed 90112K, used 38016K [0x000000070b800000, 0x0000000800000000)
  region size 2048K, 1 young (2048K), 1 survivors (2048K)
 Metaspace       used 57247K, committed 57920K, reserved 1114112K
  class space    used 6169K, committed 6464K, reserved 1048576K
}

